<?xml version="1.0" encoding="UTF-8"?>
<!-- Generated by org.testng.reporters.JUnitReportReporter -->
<testsuite skipped="0" hostname="DESKTOP-8DAP2QS" name="com.crm.vtiger.dataProvider.DataProviderDemoTest" tests="5" failures="0" timestamp="14 Dec 2021 08:22:28 GMT" time="0.037" errors="0">
  <testcase name="ticketBooking" time="0.004" classname="com.crm.vtiger.dataProvider.DataProviderDemoTest"/>
  <testcase name="ticketBooking" time="0.002" classname="com.crm.vtiger.dataProvider.DataProviderDemoTest"/>
  <testcase name="ticketBooking" time="0.003" classname="com.crm.vtiger.dataProvider.DataProviderDemoTest"/>
  <testcase name="ticketBooking" time="0.004" classname="com.crm.vtiger.dataProvider.DataProviderDemoTest"/>
  <testcase name="ticketBooking" time="0.024" classname="com.crm.vtiger.dataProvider.DataProviderDemoTest"/>
</testsuite> <!-- com.crm.vtiger.dataProvider.DataProviderDemoTest -->
